<?xml version="1.0" encoding="UTF-8"?>
<!-- Generated by org.testng.reporters.JUnitReportReporter -->
<testsuite hostname="SangeethaS" failures="0" tests="5" name="billpaymentlandline.BillpaymentLandlineModule" time="28.683" errors="0" timestamp="2020-11-27T18:03:10 IST" skipped="0">
  <testcase classname="billpaymentlandline.BillpaymentLandlineModule" name="Signin" time="2.254"/>
  <system-out/>
  <testcase classname="billpaymentlandline.BillpaymentLandlineModule" name="SignInButton" time="6.160"/>
  <system-out/>
  <testcase classname="billpaymentlandline.BillpaymentLandlineModule" name="billpaymentdropdown" time="3.382"/>
  <system-out/>
  <testcase classname="billpaymentlandline.BillpaymentLandlineModule" name="LandlineBillPayment" time="6.158"/>
  <system-out/>
  <testcase classname="billpaymentlandline.BillpaymentLandlineModule" name="LandlineNegativeScenarios" time="10.729"/>
  <system-out/>
</testsuite> <!-- billpaymentlandline.BillpaymentLandlineModule -->
