<?xml version="1.0" encoding="UTF-8"?>
<!-- Generated by org.testng.reporters.JUnitReportReporter -->
<testsuite hostname="SangeethaS" failures="0" tests="4" name="testNG.KatkadaWebPage" time="13.169" errors="0" timestamp="2020-11-30T17:57:17 IST" skipped="0">
  <testcase classname="testNG.KatkadaWebPage" name="Signin" time="2.136"/>
  <system-out/>
  <testcase classname="testNG.KatkadaWebPage" name="SignupPopup" time="2.822"/>
  <system-out/>
  <testcase classname="testNG.KatkadaWebPage" name="ForgetpasswordPopup" time="2.371"/>
  <system-out/>
  <testcase classname="testNG.KatkadaWebPage" name="SignInButton" time="5.840"/>
  <system-out/>
</testsuite> <!-- testNG.KatkadaWebPage -->
