<?xml version="1.0" encoding="UTF-8"?>
<!-- Generated by org.testng.reporters.JUnitReportReporter -->
<testsuite hostname="SangeethaS" failures="0" tests="4" name="testNG.KatkadaWebPage" time="9.922" errors="0" timestamp="2020-12-01T13:18:33 IST" skipped="0">
  <testcase classname="testNG.KatkadaWebPage" name="Signin" time="2.213"/>
  <system-out/>
  <testcase classname="testNG.KatkadaWebPage" name="SignupPopup" time="2.839"/>
  <system-out/>
  <testcase classname="testNG.KatkadaWebPage" name="ForgetpasswordPopup" time="2.337"/>
  <system-out/>
  <testcase classname="testNG.KatkadaWebPage" name="SignInButton" time="2.533"/>
  <system-out/>
</testsuite> <!-- testNG.KatkadaWebPage -->
