<?xml version="1.0" encoding="UTF-8"?>
<!-- Generated by org.testng.reporters.JUnitReportReporter -->
<testsuite hostname="SangeethaS" failures="0" tests="1" name="sampleTestCases.getTitle" time="12.704" errors="0" timestamp="2020-12-07T11:01:08 IST" skipped="0">
  <testcase classname="sampleTestCases.getTitle" name="Gettitle" time="12.704"/>
  <system-out/>
</testsuite> <!-- sampleTestCases.getTitle -->
