<?xml version="1.0" encoding="UTF-8"?>
<!-- Generated by org.testng.reporters.JUnitReportReporter -->
<testsuite hostname="SangeethaS" failures="0" tests="4" name="testNG.KatkadaWebPage" time="10.427" errors="0" timestamp="2020-12-01T16:56:35 IST" skipped="0">
  <testcase classname="testNG.KatkadaWebPage" name="Signin" time="2.197"/>
  <system-out/>
  <testcase classname="testNG.KatkadaWebPage" name="SignupPopup" time="2.940"/>
  <system-out/>
  <testcase classname="testNG.KatkadaWebPage" name="ForgetpasswordPopup" time="2.416"/>
  <system-out/>
  <testcase classname="testNG.KatkadaWebPage" name="SignInButton" time="2.874"/>
  <system-out/>
</testsuite> <!-- testNG.KatkadaWebPage -->
