<?xml version="1.0" encoding="UTF-8"?>
<!-- Generated by org.testng.reporters.JUnitReportReporter -->
<testsuite hostname="SangeethaS" failures="0" tests="4" name="testNG.KatkadaWebPage" time="13.153" errors="0" timestamp="2020-11-27T17:42:09 IST" skipped="0">
  <testcase classname="testNG.KatkadaWebPage" name="Signin" time="2.177"/>
  <system-out/>
  <testcase classname="testNG.KatkadaWebPage" name="SignupPopup" time="2.808"/>
  <system-out/>
  <testcase classname="testNG.KatkadaWebPage" name="ForgetpasswordPopup" time="2.452"/>
  <system-out/>
  <testcase classname="testNG.KatkadaWebPage" name="SignInButton" time="5.716"/>
  <system-out/>
</testsuite> <!-- testNG.KatkadaWebPage -->
