<?xml version="1.0" encoding="UTF-8"?>
<!-- Generated by org.testng.reporters.JUnitReportReporter -->
<testsuite hostname="SangeethaS" failures="0" tests="14" name="testNG.KatkadaWebPage" time="68.553" errors="0" timestamp="2020-11-26T15:37:30 IST" skipped="0">
  <testcase classname="testNG.KatkadaWebPage" name="Signin" time="2.255"/>
  <system-out/>
  <testcase classname="testNG.KatkadaWebPage" name="SignupPopup" time="3.081"/>
  <system-out/>
  <testcase classname="testNG.KatkadaWebPage" name="ForgetpasswordPopup" time="2.432"/>
  <system-out/>
  <testcase classname="testNG.KatkadaWebPage" name="SignInButton" time="2.713"/>
  <system-out/>
  <testcase classname="testNG.KatkadaWebPage" name="Prepaid" time="4.597"/>
  <system-out/>
  <testcase classname="testNG.KatkadaWebPage" name="prepaidValidInputs" time="4.915"/>
  <system-out/>
  <testcase classname="testNG.KatkadaWebPage" name="browserplan" time="1.120"/>
  <system-out/>
  <testcase classname="testNG.KatkadaWebPage" name="rechargenowButton" time="2.384"/>
  <system-out/>
  <testcase classname="testNG.KatkadaWebPage" name="PrepaidNegativeScenarios" time="11.772"/>
  <system-out/>
  <testcase classname="testNG.KatkadaWebPage" name="postpaidNegativeScenarios" time="10.492"/>
  <system-out/>
  <testcase classname="testNG.KatkadaWebPage" name="postpaid" time="7.668"/>
  <system-out/>
  <testcase classname="testNG.KatkadaWebPage" name="billpaymentdropdown" time="2.162"/>
  <system-out/>
  <testcase classname="testNG.KatkadaWebPage" name="LandlineBillPayment" time="4.437"/>
  <system-out/>
  <testcase classname="testNG.KatkadaWebPage" name="LandlineNegativeScenarios" time="8.525"/>
  <system-out/>
</testsuite> <!-- testNG.KatkadaWebPage -->
