<?xml version="1.0" encoding="UTF-8"?>
<!-- Generated by org.testng.reporters.JUnitReportReporter -->
<testsuite hostname="SangeethaS" failures="0" tests="4" name="mobilepostpaid.MobilePostpaidModule" time="28.020" errors="0" timestamp="2020-12-02T11:56:44 IST" skipped="0">
  <testcase classname="mobilepostpaid.MobilePostpaidModule" name="Signin" time="2.211"/>
  <system-out/>
  <testcase classname="mobilepostpaid.MobilePostpaidModule" name="SignInButton" time="2.415"/>
  <system-out/>
  <testcase classname="mobilepostpaid.MobilePostpaidModule" name="postpaid" time="12.022"/>
  <system-out/>
  <testcase classname="mobilepostpaid.MobilePostpaidModule" name="postpaidNegativeScenarios" time="11.372"/>
  <system-out/>
</testsuite> <!-- mobilepostpaid.MobilePostpaidModule -->
