<?xml version="1.0" encoding="UTF-8"?>
<!-- Generated by org.testng.reporters.JUnitReportReporter -->
<testsuite hostname="SangeethaS" failures="0" tests="5" name="billpaymentlandline.BillpaymentLandlineModule" time="21.886" errors="0" timestamp="2020-12-02T16:29:30 IST" skipped="0">
  <testcase classname="billpaymentlandline.BillpaymentLandlineModule" name="Signin" time="2.279"/>
  <system-out/>
  <testcase classname="billpaymentlandline.BillpaymentLandlineModule" name="SignInButton" time="2.428"/>
  <system-out/>
  <testcase classname="billpaymentlandline.BillpaymentLandlineModule" name="billpaymentdropdown" time="3.480"/>
  <system-out/>
  <testcase classname="billpaymentlandline.BillpaymentLandlineModule" name="LandlineBillPayment" time="4.455"/>
  <system-out/>
  <testcase classname="billpaymentlandline.BillpaymentLandlineModule" name="LandlineNegativeScenarios" time="9.244"/>
  <system-out/>
</testsuite> <!-- billpaymentlandline.BillpaymentLandlineModule -->
