<?xml version="1.0" encoding="UTF-8"?>
<!-- Generated by org.testng.reporters.JUnitReportReporter -->
<testsuite hostname="SangeethaS" failures="0" tests="7" name="mobileprepaid.MobilePrepaidModule" time="35.129" errors="0" timestamp="2020-11-27T17:48:36 IST" skipped="0">
  <testcase classname="mobileprepaid.MobilePrepaidModule" name="Signin" time="2.156"/>
  <system-out/>
  <testcase classname="mobileprepaid.MobilePrepaidModule" name="SignInButton" time="5.747"/>
  <system-out/>
  <testcase classname="mobileprepaid.MobilePrepaidModule" name="Prepaid" time="3.024"/>
  <system-out/>
  <testcase classname="mobileprepaid.MobilePrepaidModule" name="prepaidValidInputs" time="1.125"/>
  <system-out/>
  <testcase classname="mobileprepaid.MobilePrepaidModule" name="browserplan" time="6.926"/>
  <system-out/>
  <testcase classname="mobileprepaid.MobilePrepaidModule" name="rechargenowButton" time="3.552"/>
  <system-out/>
  <testcase classname="mobileprepaid.MobilePrepaidModule" name="PrepaidNegativeScenarios" time="12.599"/>
  <system-out/>
</testsuite> <!-- mobileprepaid.MobilePrepaidModule -->
