<?xml version="1.0" encoding="UTF-8"?>
<!-- Generated by org.testng.reporters.JUnitReportReporter -->
<testsuite hostname="SangeethaS" failures="0" tests="1" name="sampleTestCases.getTitle" time="17.183" errors="0" timestamp="2020-11-27T17:13:05 IST" skipped="0">
  <testcase classname="sampleTestCases.getTitle" name="Gettitle" time="17.183"/>
  <system-out/>
</testsuite> <!-- sampleTestCases.getTitle -->
