<?xml version="1.0" encoding="UTF-8"?>
<!-- Generated by org.testng.reporters.JUnitReportReporter -->
<testsuite hostname="SangeethaS" failures="0" tests="1" name="testNG.getTitle" time="13.082" errors="0" timestamp="2020-11-24T12:01:30 IST" skipped="0">
  <testcase classname="testNG.getTitle" name="Gettitle" time="13.082"/>
  <system-out/>
</testsuite> <!-- testNG.getTitle -->
