<?xml version="1.0" encoding="UTF-8"?>
<!-- Generated by org.testng.reporters.JUnitReportReporter -->
<testsuite hostname="SangeethaS" failures="0" tests="3" name="sampleTestCases.SampleTestcase" time="15.998" errors="0" timestamp="2020-12-07T11:01:08 IST" skipped="0">
  <testcase classname="sampleTestCases.SampleTestcase" name="LaunchBrowser" time="15.732"/>
  <system-out/>
  <testcase classname="sampleTestCases.SampleTestcase" name="getText" time="0.137"/>
  <system-out/>
  <testcase classname="sampleTestCases.SampleTestcase" name="displaytext" time="0.129"/>
  <system-out/>
</testsuite> <!-- sampleTestCases.SampleTestcase -->
