<?xml version="1.0" encoding="UTF-8"?>
<!-- Generated by org.testng.reporters.JUnitReportReporter -->
<testsuite hostname="SangeethaS" failures="0" tests="7" name="mobileprepaid.MobilePrepaidModule" time="33.463" errors="0" timestamp="2020-12-02T11:35:04 IST" skipped="0">
  <testcase classname="mobileprepaid.MobilePrepaidModule" name="Signin" time="2.203"/>
  <system-out/>
  <testcase classname="mobileprepaid.MobilePrepaidModule" name="SignInButton" time="2.447"/>
  <system-out/>
  <testcase classname="mobileprepaid.MobilePrepaidModule" name="Prepaid" time="2.814"/>
  <system-out/>
  <testcase classname="mobileprepaid.MobilePrepaidModule" name="prepaidValidInputs" time="1.238"/>
  <system-out/>
  <testcase classname="mobileprepaid.MobilePrepaidModule" name="browserplan" time="6.639"/>
  <system-out/>
  <testcase classname="mobileprepaid.MobilePrepaidModule" name="rechargenowButton" time="5.014"/>
  <system-out/>
  <testcase classname="mobileprepaid.MobilePrepaidModule" name="PrepaidNegativeScenarios" time="13.108"/>
  <system-out/>
</testsuite> <!-- mobileprepaid.MobilePrepaidModule -->
