<?xml version="1.0" encoding="UTF-8"?>
<!-- Generated by org.testng.reporters.JUnitReportReporter -->
<testsuite hostname="SangeethaS" failures="0" tests="7" name="mobileprepaid.MobilePrepaidModule" time="33.622" errors="0" timestamp="2020-12-01T16:55:28 IST" skipped="0">
  <testcase classname="mobileprepaid.MobilePrepaidModule" name="Signin" time="2.202"/>
  <system-out/>
  <testcase classname="mobileprepaid.MobilePrepaidModule" name="SignInButton" time="2.439"/>
  <system-out/>
  <testcase classname="mobileprepaid.MobilePrepaidModule" name="Prepaid" time="2.900"/>
  <system-out/>
  <testcase classname="mobileprepaid.MobilePrepaidModule" name="prepaidValidInputs" time="1.477"/>
  <system-out/>
  <testcase classname="mobileprepaid.MobilePrepaidModule" name="browserplan" time="7.171"/>
  <system-out/>
  <testcase classname="mobileprepaid.MobilePrepaidModule" name="rechargenowButton" time="3.515"/>
  <system-out/>
  <testcase classname="mobileprepaid.MobilePrepaidModule" name="PrepaidNegativeScenarios" time="13.918"/>
  <system-out/>
</testsuite> <!-- mobileprepaid.MobilePrepaidModule -->
