<?xml version="1.0" encoding="UTF-8"?>
<!-- Generated by org.testng.reporters.JUnitReportReporter -->
<testsuite hostname="SangeethaS" failures="0" tests="4" name="testNG.KatkadaWebPage" time="10.113" errors="0" timestamp="2020-12-07T13:28:28 IST" skipped="0">
  <testcase classname="testNG.KatkadaWebPage" name="Signin" time="2.230"/>
  <system-out/>
  <testcase classname="testNG.KatkadaWebPage" name="SignupPopup" time="2.959"/>
  <system-out/>
  <testcase classname="testNG.KatkadaWebPage" name="ForgetpasswordPopup" time="2.358"/>
  <system-out/>
  <testcase classname="testNG.KatkadaWebPage" name="SignInButton" time="2.566"/>
  <system-out/>
</testsuite> <!-- testNG.KatkadaWebPage -->
