<?xml version="1.0" encoding="UTF-8"?>
<!-- Generated by org.testng.reporters.JUnitReportReporter -->
<testsuite hostname="SangeethaS" failures="0" tests="4" name="mobilepostpaid.MobilePostpaidModule" time="28.404" errors="0" timestamp="2020-11-27T18:10:15 IST" skipped="0">
  <testcase classname="mobilepostpaid.MobilePostpaidModule" name="Signin" time="2.180"/>
  <system-out/>
  <testcase classname="mobilepostpaid.MobilePostpaidModule" name="SignInButton" time="5.573"/>
  <system-out/>
  <testcase classname="mobilepostpaid.MobilePostpaidModule" name="postpaid" time="9.044"/>
  <system-out/>
  <testcase classname="mobilepostpaid.MobilePostpaidModule" name="postpaidNegativeScenarios" time="11.607"/>
  <system-out/>
</testsuite> <!-- mobilepostpaid.MobilePostpaidModule -->
