<?xml version="1.0" encoding="UTF-8"?>
<!-- Generated by org.testng.reporters.JUnitReportReporter -->
<testsuite hostname="SangeethaS" failures="0" tests="1" name="sampleTestCases.textHighlight" time="15.861" errors="0" timestamp="2020-12-07T11:01:07 IST" skipped="0">
  <testcase classname="sampleTestCases.textHighlight" name="TextHighlight" time="15.861"/>
  <system-out/>
</testsuite> <!-- sampleTestCases.textHighlight -->
